2023-07-26 13:54:31,091 INFO org.springframework.boot.StartupInfoLogger [restartedMain] Starting MusicAppApplication using Java 20.0.1 with PID 24752 (C:\Users\altan\IdeaProjects\music-app\target\classes started by Altan in C:\Users\altan\IdeaProjects\music-app)
2023-07-26 13:54:31,096 DEBUG org.springframework.boot.StartupInfoLogger [restartedMain] Running with Spring Boot v3.0.0, Spring v6.0.2
2023-07-26 13:54:31,097 INFO org.springframework.boot.SpringApplication [restartedMain] No active profile set, falling back to 1 default profile: "default"
2023-07-26 13:54:37,615 DEBUG org.springframework.web.filter.GenericFilterBean [restartedMain] Filter 'jwtAuthenticationFilter' configured for use
2023-07-26 13:54:40,587 INFO org.springframework.boot.StartupInfoLogger [restartedMain] Started MusicAppApplication in 10.017 seconds (process running for 12.101)
2023-07-26 14:01:37,191 INFO org.springframework.boot.StartupInfoLogger [restartedMain] Starting MusicAppApplication using Java 20.0.1 with PID 18732 (C:\Users\altan\IdeaProjects\music-app\target\classes started by Altan in C:\Users\altan\IdeaProjects\music-app)
2023-07-26 14:01:37,193 DEBUG org.springframework.boot.StartupInfoLogger [restartedMain] Running with Spring Boot v3.0.0, Spring v6.0.2
2023-07-26 14:01:37,194 INFO org.springframework.boot.SpringApplication [restartedMain] No active profile set, falling back to 1 default profile: "default"
2023-07-26 14:01:42,979 DEBUG org.springframework.web.filter.GenericFilterBean [restartedMain] Filter 'jwtAuthenticationFilter' configured for use
2023-07-26 14:01:45,722 INFO org.springframework.boot.StartupInfoLogger [restartedMain] Started MusicAppApplication in 8.993 seconds (process running for 10.125)
2023-07-26 14:08:14,905 INFO org.springframework.boot.StartupInfoLogger [restartedMain] Starting MusicAppApplication using Java 20.0.1 with PID 26732 (C:\Users\altan\IdeaProjects\music-app\target\classes started by Altan in C:\Users\altan\IdeaProjects\music-app)
2023-07-26 14:08:14,908 DEBUG org.springframework.boot.StartupInfoLogger [restartedMain] Running with Spring Boot v3.0.0, Spring v6.0.2
2023-07-26 14:08:14,908 INFO org.springframework.boot.SpringApplication [restartedMain] No active profile set, falling back to 1 default profile: "default"
2023-07-26 14:08:28,138 INFO org.springframework.boot.StartupInfoLogger [restartedMain] Starting MusicAppApplication using Java 20.0.1 with PID 19260 (C:\Users\altan\IdeaProjects\music-app\target\classes started by Altan in C:\Users\altan\IdeaProjects\music-app)
2023-07-26 14:08:28,140 DEBUG org.springframework.boot.StartupInfoLogger [restartedMain] Running with Spring Boot v3.0.0, Spring v6.0.2
2023-07-26 14:08:28,141 INFO org.springframework.boot.SpringApplication [restartedMain] No active profile set, falling back to 1 default profile: "default"
2023-07-26 14:08:47,424 INFO org.springframework.boot.StartupInfoLogger [restartedMain] Starting MusicAppApplication using Java 20.0.1 with PID 2232 (C:\Users\altan\IdeaProjects\music-app\target\classes started by Altan in C:\Users\altan\IdeaProjects\music-app)
2023-07-26 14:08:47,426 DEBUG org.springframework.boot.StartupInfoLogger [restartedMain] Running with Spring Boot v3.0.0, Spring v6.0.2
2023-07-26 14:08:47,427 INFO org.springframework.boot.SpringApplication [restartedMain] No active profile set, falling back to 1 default profile: "default"
2023-07-26 14:09:16,923 INFO org.springframework.boot.StartupInfoLogger [restartedMain] Starting MusicAppApplication using Java 20.0.1 with PID 20968 (C:\Users\altan\IdeaProjects\music-app\target\classes started by Altan in C:\Users\altan\IdeaProjects\music-app)
2023-07-26 14:09:16,925 DEBUG org.springframework.boot.StartupInfoLogger [restartedMain] Running with Spring Boot v3.0.0, Spring v6.0.2
2023-07-26 14:09:16,925 INFO org.springframework.boot.SpringApplication [restartedMain] No active profile set, falling back to 1 default profile: "default"
2023-07-26 14:09:22,574 DEBUG org.springframework.web.filter.GenericFilterBean [restartedMain] Filter 'jwtAuthenticationFilter' configured for use
2023-07-26 14:09:25,521 INFO org.springframework.boot.StartupInfoLogger [restartedMain] Started MusicAppApplication in 9.054 seconds (process running for 10.203)
2023-07-26 14:09:47,776 INFO org.springframework.boot.StartupInfoLogger [restartedMain] Starting MusicAppApplication using Java 20.0.1 with PID 11176 (C:\Users\altan\IdeaProjects\music-app\target\classes started by Altan in C:\Users\altan\IdeaProjects\music-app)
2023-07-26 14:09:47,780 DEBUG org.springframework.boot.StartupInfoLogger [restartedMain] Running with Spring Boot v3.0.0, Spring v6.0.2
2023-07-26 14:09:47,781 INFO org.springframework.boot.SpringApplication [restartedMain] No active profile set, falling back to 1 default profile: "default"
2023-07-26 14:09:53,450 DEBUG org.springframework.web.filter.GenericFilterBean [restartedMain] Filter 'jwtAuthenticationFilter' configured for use
2023-07-26 14:09:56,183 INFO org.springframework.boot.StartupInfoLogger [restartedMain] Started MusicAppApplication in 8.867 seconds (process running for 9.99)
2023-07-26 14:10:46,708 INFO org.springframework.boot.StartupInfoLogger [restartedMain] Starting MusicAppApplication using Java 20.0.1 with PID 9760 (C:\Users\altan\IdeaProjects\music-app\target\classes started by Altan in C:\Users\altan\IdeaProjects\music-app)
2023-07-26 14:10:46,711 DEBUG org.springframework.boot.StartupInfoLogger [restartedMain] Running with Spring Boot v3.0.0, Spring v6.0.2
2023-07-26 14:10:46,712 INFO org.springframework.boot.SpringApplication [restartedMain] No active profile set, falling back to 1 default profile: "default"
2023-07-26 14:10:52,482 DEBUG org.springframework.web.filter.GenericFilterBean [restartedMain] Filter 'jwtAuthenticationFilter' configured for use
2023-07-26 14:10:55,292 INFO org.springframework.boot.StartupInfoLogger [restartedMain] Started MusicAppApplication in 9.051 seconds (process running for 10.179)
2023-07-26 14:12:33,787 INFO org.springframework.boot.StartupInfoLogger [restartedMain] Starting MusicAppApplication using Java 20.0.1 with PID 19480 (C:\Users\altan\IdeaProjects\music-app\target\classes started by Altan in C:\Users\altan\IdeaProjects\music-app)
2023-07-26 14:12:33,790 DEBUG org.springframework.boot.StartupInfoLogger [restartedMain] Running with Spring Boot v3.0.0, Spring v6.0.2
2023-07-26 14:12:33,791 INFO org.springframework.boot.SpringApplication [restartedMain] No active profile set, falling back to 1 default profile: "default"
2023-07-26 14:12:59,863 INFO org.springframework.boot.StartupInfoLogger [restartedMain] Starting MusicAppApplication using Java 20.0.1 with PID 17488 (C:\Users\altan\IdeaProjects\music-app\target\classes started by Altan in C:\Users\altan\IdeaProjects\music-app)
2023-07-26 14:12:59,865 DEBUG org.springframework.boot.StartupInfoLogger [restartedMain] Running with Spring Boot v3.0.0, Spring v6.0.2
2023-07-26 14:12:59,866 INFO org.springframework.boot.SpringApplication [restartedMain] No active profile set, falling back to 1 default profile: "default"
2023-07-26 14:14:36,426 INFO org.springframework.boot.StartupInfoLogger [restartedMain] Starting MusicAppApplication using Java 20.0.1 with PID 1084 (C:\Users\altan\IdeaProjects\music-app\target\classes started by Altan in C:\Users\altan\IdeaProjects\music-app)
2023-07-26 14:14:36,428 DEBUG org.springframework.boot.StartupInfoLogger [restartedMain] Running with Spring Boot v3.0.0, Spring v6.0.2
2023-07-26 14:14:36,429 INFO org.springframework.boot.SpringApplication [restartedMain] No active profile set, falling back to 1 default profile: "default"
2023-07-26 14:14:42,099 DEBUG org.springframework.web.filter.GenericFilterBean [restartedMain] Filter 'jwtAuthenticationFilter' configured for use
2023-07-26 14:14:44,809 INFO org.springframework.boot.StartupInfoLogger [restartedMain] Started MusicAppApplication in 8.974 seconds (process running for 10.319)
2023-07-26 14:28:51,990 INFO org.springframework.boot.StartupInfoLogger [restartedMain] Starting MusicAppApplication using Java 20.0.1 with PID 16116 (C:\Users\altan\IdeaProjects\music-app\target\classes started by Altan in C:\Users\altan\IdeaProjects\music-app)
2023-07-26 14:28:51,993 DEBUG org.springframework.boot.StartupInfoLogger [restartedMain] Running with Spring Boot v3.0.0, Spring v6.0.2
2023-07-26 14:28:51,995 INFO org.springframework.boot.SpringApplication [restartedMain] No active profile set, falling back to 1 default profile: "default"
2023-07-26 14:28:57,952 DEBUG org.springframework.web.filter.GenericFilterBean [restartedMain] Filter 'jwtAuthenticationFilter' configured for use
2023-07-26 14:29:00,814 INFO org.springframework.boot.StartupInfoLogger [restartedMain] Started MusicAppApplication in 9.393 seconds (process running for 10.657)
2023-07-26 14:30:02,293 INFO org.springframework.boot.StartupInfoLogger [restartedMain] Starting MusicAppApplication using Java 20.0.1 with PID 12860 (C:\Users\altan\IdeaProjects\music-app\target\classes started by Altan in C:\Users\altan\IdeaProjects\music-app)
2023-07-26 14:30:02,295 DEBUG org.springframework.boot.StartupInfoLogger [restartedMain] Running with Spring Boot v3.0.0, Spring v6.0.2
2023-07-26 14:30:02,296 INFO org.springframework.boot.SpringApplication [restartedMain] No active profile set, falling back to 1 default profile: "default"
2023-07-26 14:30:07,977 DEBUG org.springframework.web.filter.GenericFilterBean [restartedMain] Filter 'jwtAuthenticationFilter' configured for use
2023-07-26 14:30:10,781 INFO org.springframework.boot.StartupInfoLogger [restartedMain] Started MusicAppApplication in 8.948 seconds (process running for 10.052)
2023-07-26 14:31:44,901 INFO org.springframework.boot.StartupInfoLogger [restartedMain] Starting MusicAppApplication using Java 20.0.1 with PID 26428 (C:\Users\altan\IdeaProjects\music-app\target\classes started by Altan in C:\Users\altan\IdeaProjects\music-app)
2023-07-26 14:31:44,904 DEBUG org.springframework.boot.StartupInfoLogger [restartedMain] Running with Spring Boot v3.0.0, Spring v6.0.2
2023-07-26 14:31:44,905 INFO org.springframework.boot.SpringApplication [restartedMain] No active profile set, falling back to 1 default profile: "default"
2023-07-26 14:31:50,638 DEBUG org.springframework.web.filter.GenericFilterBean [restartedMain] Filter 'jwtAuthenticationFilter' configured for use
2023-07-26 14:31:53,504 INFO org.springframework.boot.StartupInfoLogger [restartedMain] Started MusicAppApplication in 9.068 seconds (process running for 10.169)
2023-07-26 14:35:55,410 INFO org.springframework.boot.StartupInfoLogger [restartedMain] Starting MusicAppApplication using Java 20.0.1 with PID 19864 (C:\Users\altan\IdeaProjects\music-app\target\classes started by Altan in C:\Users\altan\IdeaProjects\music-app)
2023-07-26 14:35:55,412 DEBUG org.springframework.boot.StartupInfoLogger [restartedMain] Running with Spring Boot v3.0.0, Spring v6.0.2
2023-07-26 14:35:55,414 INFO org.springframework.boot.SpringApplication [restartedMain] No active profile set, falling back to 1 default profile: "default"
2023-07-26 14:36:01,135 DEBUG org.springframework.web.filter.GenericFilterBean [restartedMain] Filter 'jwtAuthenticationFilter' configured for use
2023-07-26 14:36:04,015 INFO org.springframework.boot.StartupInfoLogger [restartedMain] Started MusicAppApplication in 9.062 seconds (process running for 10.178)
2023-07-26 14:38:54,498 INFO org.springframework.boot.StartupInfoLogger [restartedMain] Starting MusicAppApplication using Java 20.0.1 with PID 28556 (C:\Users\altan\IdeaProjects\music-app\target\classes started by Altan in C:\Users\altan\IdeaProjects\music-app)
2023-07-26 14:38:54,501 DEBUG org.springframework.boot.StartupInfoLogger [restartedMain] Running with Spring Boot v3.0.0, Spring v6.0.2
2023-07-26 14:38:54,502 INFO org.springframework.boot.SpringApplication [restartedMain] No active profile set, falling back to 1 default profile: "default"
2023-07-26 14:39:00,546 DEBUG org.springframework.web.filter.GenericFilterBean [restartedMain] Filter 'jwtAuthenticationFilter' configured for use
2023-07-26 14:39:03,424 INFO org.springframework.boot.StartupInfoLogger [restartedMain] Started MusicAppApplication in 9.418 seconds (process running for 10.542)
2023-07-26 14:40:24,730 INFO org.springframework.boot.StartupInfoLogger [restartedMain] Starting MusicAppApplication using Java 20.0.1 with PID 23144 (C:\Users\altan\IdeaProjects\music-app\target\classes started by Altan in C:\Users\altan\IdeaProjects\music-app)
2023-07-26 14:40:24,732 DEBUG org.springframework.boot.StartupInfoLogger [restartedMain] Running with Spring Boot v3.0.0, Spring v6.0.2
2023-07-26 14:40:24,733 INFO org.springframework.boot.SpringApplication [restartedMain] No active profile set, falling back to 1 default profile: "default"
2023-07-26 14:40:30,582 DEBUG org.springframework.web.filter.GenericFilterBean [restartedMain] Filter 'jwtAuthenticationFilter' configured for use
2023-07-26 14:40:33,415 INFO org.springframework.boot.StartupInfoLogger [restartedMain] Started MusicAppApplication in 9.144 seconds (process running for 10.268)
