2023-07-20 16:14:04,107 INFO org.springframework.boot.StartupInfoLogger [restartedMain] Starting MusicAppApplication using Java 20.0.1 with PID 25132 (C:\Users\altan\IdeaProjects\music-app\target\classes started by Altan in C:\Users\altan\IdeaProjects\music-app)
2023-07-20 16:14:04,109 DEBUG org.springframework.boot.StartupInfoLogger [restartedMain] Running with Spring Boot v3.0.0, Spring v6.0.2
2023-07-20 16:14:04,110 INFO org.springframework.boot.SpringApplication [restartedMain] No active profile set, falling back to 1 default profile: "default"
2023-07-20 16:14:09,043 DEBUG org.springframework.web.filter.GenericFilterBean [restartedMain] Filter 'jwtAuthenticationFilter' configured for use
2023-07-20 16:14:11,471 INFO org.springframework.boot.StartupInfoLogger [restartedMain] Started MusicAppApplication in 7.845 seconds (process running for 9.078)
2023-07-20 16:14:33,251 INFO com.atmosware.musicapp.business.concretes.AlbumManager [http-nio-8080-exec-1] albumler listelendi
2023-07-20 16:14:33,252 DEBUG com.atmosware.musicapp.business.concretes.AlbumManager [http-nio-8080-exec-1] test
2023-07-20 16:15:07,843 INFO com.atmosware.musicapp.business.concretes.AlbumManager [http-nio-8080-exec-2] albumler listelendi
2023-07-20 16:15:07,844 DEBUG com.atmosware.musicapp.business.concretes.AlbumManager [http-nio-8080-exec-2] test
2023-07-20 16:16:48,578 INFO org.springframework.boot.StartupInfoLogger [restartedMain] Starting MusicAppApplication using Java 20.0.1 with PID 26524 (C:\Users\altan\IdeaProjects\music-app\target\classes started by Altan in C:\Users\altan\IdeaProjects\music-app)
2023-07-20 16:16:48,580 DEBUG org.springframework.boot.StartupInfoLogger [restartedMain] Running with Spring Boot v3.0.0, Spring v6.0.2
2023-07-20 16:16:48,581 INFO org.springframework.boot.SpringApplication [restartedMain] No active profile set, falling back to 1 default profile: "default"
2023-07-20 16:16:53,561 DEBUG org.springframework.web.filter.GenericFilterBean [restartedMain] Filter 'jwtAuthenticationFilter' configured for use
2023-07-20 16:16:55,916 INFO org.springframework.boot.StartupInfoLogger [restartedMain] Started MusicAppApplication in 7.812 seconds (process running for 8.928)
2023-07-20 16:18:16,010 INFO org.springframework.boot.StartupInfoLogger [restartedMain] Starting MusicAppApplication using Java 20.0.1 with PID 19620 (C:\Users\altan\IdeaProjects\music-app\target\classes started by Altan in C:\Users\altan\IdeaProjects\music-app)
2023-07-20 16:18:16,012 DEBUG org.springframework.boot.StartupInfoLogger [restartedMain] Running with Spring Boot v3.0.0, Spring v6.0.2
2023-07-20 16:18:16,013 INFO org.springframework.boot.SpringApplication [restartedMain] No active profile set, falling back to 1 default profile: "default"
2023-07-20 16:18:20,828 DEBUG org.springframework.web.filter.GenericFilterBean [restartedMain] Filter 'jwtAuthenticationFilter' configured for use
2023-07-20 16:18:23,147 INFO org.springframework.boot.StartupInfoLogger [restartedMain] Started MusicAppApplication in 7.603 seconds (process running for 8.746)
2023-07-20 16:19:19,421 INFO org.springframework.boot.StartupInfoLogger [restartedMain] Starting MusicAppApplication using Java 20.0.1 with PID 9492 (C:\Users\altan\IdeaProjects\music-app\target\classes started by Altan in C:\Users\altan\IdeaProjects\music-app)
2023-07-20 16:19:19,423 DEBUG org.springframework.boot.StartupInfoLogger [restartedMain] Running with Spring Boot v3.0.0, Spring v6.0.2
2023-07-20 16:19:19,424 INFO org.springframework.boot.SpringApplication [restartedMain] No active profile set, falling back to 1 default profile: "default"
2023-07-20 16:19:24,261 DEBUG org.springframework.web.filter.GenericFilterBean [restartedMain] Filter 'jwtAuthenticationFilter' configured for use
2023-07-20 16:19:26,640 INFO org.springframework.boot.StartupInfoLogger [restartedMain] Started MusicAppApplication in 7.694 seconds (process running for 8.813)
2023-07-20 16:22:39,711 INFO org.springframework.boot.StartupInfoLogger [restartedMain] Starting MusicAppApplication using Java 20.0.1 with PID 21476 (C:\Users\altan\IdeaProjects\music-app\target\classes started by Altan in C:\Users\altan\IdeaProjects\music-app)
2023-07-20 16:22:39,714 DEBUG org.springframework.boot.StartupInfoLogger [restartedMain] Running with Spring Boot v3.0.0, Spring v6.0.2
2023-07-20 16:22:39,715 INFO org.springframework.boot.SpringApplication [restartedMain] No active profile set, falling back to 1 default profile: "default"
2023-07-20 16:22:44,656 DEBUG org.springframework.web.filter.GenericFilterBean [restartedMain] Filter 'jwtAuthenticationFilter' configured for use
2023-07-20 16:22:46,952 INFO org.springframework.boot.StartupInfoLogger [restartedMain] Started MusicAppApplication in 7.716 seconds (process running for 8.892)
